Started GET "/" for 127.0.0.1 at 2018-03-13 01:44:23 -0400
Processing by WelcomeController#index as HTML
  Rendering welcome/index.html.erb within layouts/application
  Rendered welcome/index.html.erb within layouts/application (1.3ms)
Completed 200 OK in 678ms (Views: 523.3ms)


Started GET "/" for 127.0.0.1 at 2018-03-13 01:44:28 -0400
Processing by WelcomeController#index as HTML
  Rendering welcome/index.html.erb within layouts/application
  Rendered welcome/index.html.erb within layouts/application (0.4ms)
Completed 200 OK in 17ms (Views: 15.4ms)


Started GET "/" for 127.0.0.1 at 2018-03-13 01:57:38 -0400
Processing by WelcomeController#index as HTML
  Rendering welcome/index.html.erb within layouts/application
  Rendered welcome/index.html.erb within layouts/application (0.9ms)
Completed 200 OK in 319ms (Views: 134.2ms)


Started GET "/" for 127.0.0.1 at 2018-03-13 01:58:58 -0400
Processing by WelcomeController#index as HTML
  Rendering welcome/index.html.erb within layouts/application
  Rendered welcome/index.html.erb within layouts/application (0.3ms)
Completed 200 OK in 16ms (Views: 14.5ms)


Started GET "/" for 127.0.0.1 at 2018-03-13 02:07:54 -0400
Processing by WelcomeController#index as HTML
  Rendering welcome/index.html.erb within layouts/application
  Rendered welcome/index.html.erb within layouts/application (1.1ms)
Completed 200 OK in 370ms (Views: 213.3ms)


Started GET "/users/new" for 127.0.0.1 at 2018-03-13 02:08:12 -0400
Processing by UsersController#new as HTML
  Rendering users/new.html.erb within layouts/application
  Rendered users/new.html.erb within layouts/application (0.3ms)
Completed 200 OK in 15ms (Views: 13.3ms)


Started GET "/users/new" for 127.0.0.1 at 2018-03-13 02:11:03 -0400
Processing by UsersController#new as HTML
  Rendering users/new.html.erb within layouts/application
  Rendered users/new.html.erb within layouts/application (0.6ms)
Completed 200 OK in 288ms (Views: 138.3ms)


Started GET "/" for 127.0.0.1 at 2018-03-13 02:11:06 -0400
Processing by WelcomeController#index as HTML
  Rendering welcome/index.html.erb within layouts/application
  Rendered welcome/index.html.erb within layouts/application (0.4ms)
Completed 200 OK in 15ms (Views: 13.8ms)


Started GET "/users/new" for 127.0.0.1 at 2018-03-13 02:11:07 -0400
Processing by UsersController#new as HTML
  Rendering users/new.html.erb within layouts/application
  Rendered users/new.html.erb within layouts/application (0.3ms)
Completed 200 OK in 16ms (Views: 14.5ms)


Started GET "/" for 127.0.0.1 at 2018-03-13 02:11:35 -0400
Processing by WelcomeController#index as HTML
  Rendering welcome/index.html.erb within layouts/application
  Rendered welcome/index.html.erb within layouts/application (0.4ms)
Completed 200 OK in 35ms (Views: 33.3ms)


Started GET "/users/new" for 127.0.0.1 at 2018-03-13 02:11:36 -0400
Processing by UsersController#new as HTML
  Rendering users/new.html.erb within layouts/application
  Rendered users/new.html.erb within layouts/application (0.2ms)
Completed 200 OK in 17ms (Views: 15.3ms)


Started GET "/users/new" for 127.0.0.1 at 2018-03-13 02:11:37 -0400
Processing by UsersController#new as HTML
  Rendering users/new.html.erb within layouts/application
  Rendered users/new.html.erb within layouts/application (0.3ms)
Completed 200 OK in 18ms (Views: 15.9ms)


Started GET "/" for 127.0.0.1 at 2018-03-13 02:11:39 -0400
Processing by WelcomeController#index as HTML
  Rendering welcome/index.html.erb within layouts/application
  Rendered welcome/index.html.erb within layouts/application (0.4ms)
Completed 200 OK in 24ms (Views: 22.3ms)


Started GET "/" for 127.0.0.1 at 2018-03-13 02:11:47 -0400
Processing by WelcomeController#index as HTML
  Rendering welcome/index.html.erb within layouts/application
  Rendered welcome/index.html.erb within layouts/application (0.6ms)
Completed 200 OK in 25ms (Views: 23.6ms)


Started GET "/users/new" for 127.0.0.1 at 2018-03-13 02:11:48 -0400
Processing by UsersController#new as HTML
  Rendering users/new.html.erb within layouts/application
  Rendered users/new.html.erb within layouts/application (0.3ms)
Completed 200 OK in 24ms (Views: 22.1ms)


  [1m[35m (4.4ms)[0m  [1m[35mCREATE TABLE "schema_migrations" ("version" character varying NOT NULL PRIMARY KEY)[0m
  [1m[35m (24.0ms)[0m  [1m[35mCREATE TABLE "ar_internal_metadata" ("key" character varying NOT NULL PRIMARY KEY, "value" character varying, "created_at" timestamp NOT NULL, "updated_at" timestamp NOT NULL)[0m
  [1m[35m (5.5ms)[0m  [1m[34mSELECT pg_try_advisory_lock(7705748170388709525)[0m
  [1m[35m (0.5ms)[0m  [1m[34mSELECT "schema_migrations"."version" FROM "schema_migrations" ORDER BY "schema_migrations"."version" ASC[0m
Migrating to CreateUsers (20180313061648)
  [1m[35m (0.2ms)[0m  [1m[35mBEGIN[0m
  [1m[35m (21.1ms)[0m  [1m[35mCREATE TABLE "users" ("id" bigserial primary key, "name" character varying, "email" character varying, "created_at" timestamp NOT NULL, "updated_at" timestamp NOT NULL)[0m
  [1m[35mSQL (0.4ms)[0m  [1m[32mINSERT INTO "schema_migrations" ("version") VALUES ($1) RETURNING "version"[0m  [["version", "20180313061648"]]
  [1m[35m (0.3ms)[0m  [1m[35mCOMMIT[0m
  [1m[36mActiveRecord::InternalMetadata Load (0.2ms)[0m  [1m[34mSELECT  "ar_internal_metadata".* FROM "ar_internal_metadata" WHERE "ar_internal_metadata"."key" = $1 LIMIT $2[0m  [["key", "environment"], ["LIMIT", 1]]
  [1m[35m (0.1ms)[0m  [1m[35mBEGIN[0m
  [1m[35mSQL (0.7ms)[0m  [1m[32mINSERT INTO "ar_internal_metadata" ("key", "value", "created_at", "updated_at") VALUES ($1, $2, $3, $4) RETURNING "key"[0m  [["key", "environment"], ["value", "development"], ["created_at", "2018-03-13 06:17:32.704838"], ["updated_at", "2018-03-13 06:17:32.704838"]]
  [1m[35m (0.2ms)[0m  [1m[35mCOMMIT[0m
  [1m[35m (0.2ms)[0m  [1m[34mSELECT pg_advisory_unlock(7705748170388709525)[0m
  [1m[35m (6.1ms)[0m  [1m[34mSELECT "schema_migrations"."version" FROM "schema_migrations" ORDER BY "schema_migrations"."version" ASC[0m
  [1m[35m (0.1ms)[0m  [1m[35mBEGIN[0m
  [1m[35mSQL (0.8ms)[0m  [1m[32mINSERT INTO "users" ("name", "email", "created_at", "updated_at") VALUES ($1, $2, $3, $4) RETURNING "id"[0m  [["name", "Chuck Norris"], ["email", "chuck@darpanet.com"], ["created_at", "2018-03-13 06:23:39.042009"], ["updated_at", "2018-03-13 06:23:39.042009"]]
  [1m[35m (0.7ms)[0m  [1m[35mCOMMIT[0m
  [1m[35m (0.1ms)[0m  [1m[35mBEGIN[0m
  [1m[35mSQL (0.4ms)[0m  [1m[31mDELETE FROM "users" WHERE "users"."id" = $1[0m  [["id", 1]]
  [1m[35m (6.1ms)[0m  [1m[35mCOMMIT[0m
  [1m[35m (0.2ms)[0m  [1m[34mSELECT pg_try_advisory_lock(7705748170388709525)[0m
  [1m[35m (0.5ms)[0m  [1m[34mSELECT "schema_migrations"."version" FROM "schema_migrations" ORDER BY "schema_migrations"."version" ASC[0m
Migrating to AddIndexToUsersEmail (20180313063416)
  [1m[35m (0.1ms)[0m  [1m[35mBEGIN[0m
  [1m[35m (2.6ms)[0m  [1m[35mCREATE UNIQUE INDEX  "index_users_on_email" ON "users"  ("email")[0m
  [1m[35mSQL (0.4ms)[0m  [1m[32mINSERT INTO "schema_migrations" ("version") VALUES ($1) RETURNING "version"[0m  [["version", "20180313063416"]]
  [1m[35m (0.3ms)[0m  [1m[35mCOMMIT[0m
  [1m[36mActiveRecord::InternalMetadata Load (0.2ms)[0m  [1m[34mSELECT  "ar_internal_metadata".* FROM "ar_internal_metadata" WHERE "ar_internal_metadata"."key" = $1 LIMIT $2[0m  [["key", "environment"], ["LIMIT", 1]]
  [1m[35m (0.1ms)[0m  [1m[35mBEGIN[0m
  [1m[35m (0.1ms)[0m  [1m[35mCOMMIT[0m
  [1m[35m (0.1ms)[0m  [1m[34mSELECT pg_advisory_unlock(7705748170388709525)[0m
  [1m[35m (0.4ms)[0m  [1m[34mSELECT "schema_migrations"."version" FROM "schema_migrations" ORDER BY "schema_migrations"."version" ASC[0m
  [1m[35m (0.1ms)[0m  [1m[34mSELECT pg_try_advisory_lock(7705748170388709525)[0m
  [1m[35m (0.4ms)[0m  [1m[34mSELECT "schema_migrations"."version" FROM "schema_migrations" ORDER BY "schema_migrations"."version" ASC[0m
Migrating to AddPasswordDigestToUsers (20180313063809)
  [1m[35m (0.1ms)[0m  [1m[35mBEGIN[0m
  [1m[35m (0.6ms)[0m  [1m[35mALTER TABLE "users" ADD "password_digest" character varying[0m
  [1m[35mSQL (0.3ms)[0m  [1m[32mINSERT INTO "schema_migrations" ("version") VALUES ($1) RETURNING "version"[0m  [["version", "20180313063809"]]
  [1m[35m (2.0ms)[0m  [1m[35mCOMMIT[0m
  [1m[36mActiveRecord::InternalMetadata Load (0.2ms)[0m  [1m[34mSELECT  "ar_internal_metadata".* FROM "ar_internal_metadata" WHERE "ar_internal_metadata"."key" = $1 LIMIT $2[0m  [["key", "environment"], ["LIMIT", 1]]
  [1m[35m (0.1ms)[0m  [1m[35mBEGIN[0m
  [1m[35m (0.1ms)[0m  [1m[35mCOMMIT[0m
  [1m[35m (0.1ms)[0m  [1m[34mSELECT pg_advisory_unlock(7705748170388709525)[0m
  [1m[35m (0.2ms)[0m  [1m[34mSELECT "schema_migrations"."version" FROM "schema_migrations" ORDER BY "schema_migrations"."version" ASC[0m
  [1m[35m (0.1ms)[0m  [1m[35mBEGIN[0m
  [1m[36mUser Exists (0.5ms)[0m  [1m[34mSELECT  1 AS one FROM "users" WHERE LOWER("users"."email") = LOWER($1) LIMIT $2[0m  [["email", "chuck@darpanet.com"], ["LIMIT", 1]]
  [1m[35mSQL (0.4ms)[0m  [1m[32mINSERT INTO "users" ("name", "email", "created_at", "updated_at", "password_digest") VALUES ($1, $2, $3, $4, $5) RETURNING "id"[0m  [["name", "Chuck Nawris"], ["email", "chuck@darpanet.com"], ["created_at", "2018-03-13 06:46:16.909766"], ["updated_at", "2018-03-13 06:46:16.909766"], ["password_digest", "$2a$10$GsT9Tqx8b3eTOk0suqBJgeAinng7yKc16d0bzuHBCRmrwS6XzYapa"]]
  [1m[35m (1.9ms)[0m  [1m[35mCOMMIT[0m
  [1m[36mUser Load (0.2ms)[0m  [1m[34mSELECT  "users".* FROM "users" WHERE "users"."email" = $1 LIMIT $2[0m  [["email", "chuck@darpanet.com"], ["LIMIT", 1]]
  [1m[35m (0.1ms)[0m  [1m[34mSELECT pg_try_advisory_lock(7705748170388709525)[0m
  [1m[35m (0.4ms)[0m  [1m[34mSELECT "schema_migrations"."version" FROM "schema_migrations" ORDER BY "schema_migrations"."version" ASC[0m
  [1m[36mActiveRecord::InternalMetadata Load (0.3ms)[0m  [1m[34mSELECT  "ar_internal_metadata".* FROM "ar_internal_metadata" WHERE "ar_internal_metadata"."key" = $1 LIMIT $2[0m  [["key", "environment"], ["LIMIT", 1]]
  [1m[35m (0.1ms)[0m  [1m[35mBEGIN[0m
  [1m[35m (0.1ms)[0m  [1m[35mCOMMIT[0m
  [1m[35m (0.1ms)[0m  [1m[34mSELECT pg_advisory_unlock(7705748170388709525)[0m
  [1m[35m (0.2ms)[0m  [1m[34mSELECT "schema_migrations"."version" FROM "schema_migrations" ORDER BY "schema_migrations"."version" ASC[0m
  [1m[35m (0.1ms)[0m  [1m[34mSELECT pg_try_advisory_lock(7705748170388709525)[0m
  [1m[35m (0.5ms)[0m  [1m[34mSELECT "schema_migrations"."version" FROM "schema_migrations" ORDER BY "schema_migrations"."version" ASC[0m
  [1m[36mActiveRecord::InternalMetadata Load (0.6ms)[0m  [1m[34mSELECT  "ar_internal_metadata".* FROM "ar_internal_metadata" WHERE "ar_internal_metadata"."key" = $1 LIMIT $2[0m  [["key", "environment"], ["LIMIT", 1]]
  [1m[35m (0.1ms)[0m  [1m[35mBEGIN[0m
  [1m[35m (0.1ms)[0m  [1m[35mCOMMIT[0m
  [1m[35m (0.1ms)[0m  [1m[34mSELECT pg_advisory_unlock(7705748170388709525)[0m
  [1m[35m (0.1ms)[0m  [1m[34mSELECT "schema_migrations"."version" FROM "schema_migrations" ORDER BY "schema_migrations"."version" ASC[0m
Started GET "/" for 127.0.0.1 at 2018-03-13 22:25:57 -0400
  [1m[35m (0.5ms)[0m  [1m[34mSELECT "schema_migrations"."version" FROM "schema_migrations" ORDER BY "schema_migrations"."version" ASC[0m
Processing by WelcomeController#index as HTML
  Rendering welcome/index.html.erb within layouts/application
  Rendered welcome/index.html.erb within layouts/application (1.1ms)
Completed 500 Internal Server Error in 162ms (ActiveRecord: 0.0ms)


  
ActionView::Template::Error (Missing partial layouts/_footer with {:locale=>[:en], :formats=>[:html], :variants=>[], :handlers=>[:raw, :erb, :html, :builder, :ruby, :coffee, :jbuilder]}. Searched in:
  * "/Users/kcamel/Documents/Github/onesocial/app/views"
):
     8:   </head>
     9:   <body>
    10:     <%= yield %>
    11:     <%= render 'layouts/footer' %>
    12:     <%= debug(params) if Rails.env.development? %>
    13:   </body>
    14: </html>
  
app/views/layouts/application.html.erb:11:in `_app_views_layouts_application_html_erb___2456648604998470472_70317697381780'
Started GET "/" for 127.0.0.1 at 2018-03-13 22:26:03 -0400
Processing by WelcomeController#index as HTML
  Rendering welcome/index.html.erb within layouts/application
  Rendered welcome/index.html.erb within layouts/application (0.8ms)
Completed 500 Internal Server Error in 43ms (ActiveRecord: 0.0ms)


  
ActionView::Template::Error (Missing partial layouts/_footer with {:locale=>[:en], :formats=>[:html], :variants=>[], :handlers=>[:raw, :erb, :html, :builder, :ruby, :coffee, :jbuilder]}. Searched in:
  * "/Users/kcamel/Documents/Github/onesocial/app/views"
):
     8:   </head>
     9:   <body>
    10:     <%= yield %>
    11:     <!-- <%= render 'layouts/footer' %> -->
    12:     <%= debug(params) if Rails.env.development? %>
    13:   </body>
    14: </html>
  
app/views/layouts/application.html.erb:11:in `_app_views_layouts_application_html_erb___2456648604998470472_70317664997320'
Started GET "/" for 127.0.0.1 at 2018-03-13 22:26:10 -0400
Processing by WelcomeController#index as HTML
  Rendering welcome/index.html.erb within layouts/application
  Rendered welcome/index.html.erb within layouts/application (0.5ms)
Completed 500 Internal Server Error in 8ms (ActiveRecord: 0.0ms)


  
SyntaxError (/Users/kcamel/Documents/Github/onesocial/app/views/layouts/application.html.erb:13: syntax error, unexpected '<', expecting ')'
  </body>
  ^
/Users/kcamel/Documents/Github/onesocial/app/views/layouts/application.html.erb:14: unknown regexp options - htl
/Users/kcamel/Documents/Github/onesocial/app/views/layouts/application.html.erb:19: unterminated string meets end of file
          end
             ^
/Users/kcamel/Documents/Github/onesocial/app/views/layouts/application.html.erb:19: syntax error, unexpected end-of-input, expecting ')'
          end
             ^):
  
app/views/layouts/application.html.erb:13: syntax error, unexpected '<', expecting ')'
app/views/layouts/application.html.erb:14: unknown regexp options - htl
app/views/layouts/application.html.erb:19: unterminated string meets end of file
app/views/layouts/application.html.erb:19: syntax error, unexpected end-of-input, expecting ')'
Started GET "/" for 127.0.0.1 at 2018-03-13 22:26:17 -0400
Processing by WelcomeController#index as HTML
  Rendering welcome/index.html.erb within layouts/application
  Rendered welcome/index.html.erb within layouts/application (0.4ms)
Completed 500 Internal Server Error in 7ms (ActiveRecord: 0.0ms)


  
SyntaxError (/Users/kcamel/Documents/Github/onesocial/app/views/layouts/application.html.erb:13: syntax error, unexpected '<', expecting ')'
  </body>
  ^
/Users/kcamel/Documents/Github/onesocial/app/views/layouts/application.html.erb:14: unknown regexp options - htl
/Users/kcamel/Documents/Github/onesocial/app/views/layouts/application.html.erb:19: unterminated string meets end of file
          end
             ^
/Users/kcamel/Documents/Github/onesocial/app/views/layouts/application.html.erb:19: syntax error, unexpected end-of-input, expecting ')'
          end
             ^):
  
app/views/layouts/application.html.erb:13: syntax error, unexpected '<', expecting ')'
app/views/layouts/application.html.erb:14: unknown regexp options - htl
app/views/layouts/application.html.erb:19: unterminated string meets end of file
app/views/layouts/application.html.erb:19: syntax error, unexpected end-of-input, expecting ')'
Started GET "/" for 127.0.0.1 at 2018-03-13 22:26:23 -0400
Processing by WelcomeController#index as HTML
  Rendering welcome/index.html.erb within layouts/application
  Rendered welcome/index.html.erb within layouts/application (0.6ms)
Completed 200 OK in 24ms (Views: 22.5ms | ActiveRecord: 0.0ms)


Started GET "/" for 127.0.0.1 at 2018-03-13 22:32:54 -0400
Processing by WelcomeController#index as HTML
  Rendering welcome/index.html.erb within layouts/application
  Rendered welcome/index.html.erb within layouts/application (0.4ms)
Completed 500 Internal Server Error in 120ms (ActiveRecord: 0.0ms)


  
ActionView::Template::Error (undefined method `full_title' for #<#<Class:0x00007fe83ab94c70>:0x00007fe836e60f70>):
    1: <!DOCTYPE html>
    2: <html>
    3:   <head>
    4:     <title><%= full_title(yield(:title)) %></title>
    5:     <%= csrf_meta_tags %>
    6:     <%= stylesheet_link_tag    'application', media: 'all', 'data-turbolinks-track': 'reload' %>
    7:     <%= javascript_include_tag 'application', 'data-turbolinks-track': 'reload' %>
  
app/views/layouts/application.html.erb:4:in `_app_views_layouts_application_html_erb___2456648604998470472_70317665059300'
Started GET "/" for 127.0.0.1 at 2018-03-13 22:33:52 -0400
Processing by WelcomeController#index as HTML
  Rendering welcome/index.html.erb within layouts/application
  Rendered welcome/index.html.erb within layouts/application (0.4ms)
Completed 500 Internal Server Error in 57ms (ActiveRecord: 0.0ms)


  
ActionView::Template::Error (File to import not found or unreadable: bootstrap-sprockets.
Load paths:
  /Users/kcamel/Documents/Github/onesocial/app/assets/config
  /Users/kcamel/Documents/Github/onesocial/app/assets/images
  /Users/kcamel/Documents/Github/onesocial/app/assets/javascripts
  /Users/kcamel/Documents/Github/onesocial/app/assets/stylesheets
  /Users/kcamel/.rbenv/versions/2.5.0/lib/ruby/gems/2.5.0/gems/coffee-rails-4.2.2/lib/assets/javascripts
  /Users/kcamel/.rbenv/versions/2.5.0/lib/ruby/gems/2.5.0/gems/actioncable-5.1.5/lib/assets/compiled
  /Users/kcamel/.rbenv/versions/2.5.0/lib/ruby/gems/2.5.0/gems/actionview-5.1.5/lib/assets/compiled
  /Users/kcamel/.rbenv/versions/2.5.0/lib/ruby/gems/2.5.0/gems/turbolinks-source-5.1.0/lib/assets/javascripts
  /Users/kcamel/Documents/Github/onesocial/node_modules):
    3:   <head>
    4:     <title><%= yield(:title) %></title>
    5:     <%= csrf_meta_tags %>
    6:     <%= stylesheet_link_tag    'application', media: 'all', 'data-turbolinks-track': 'reload' %>
    7:     <%= javascript_include_tag 'application', 'data-turbolinks-track': 'reload' %>
    8:   </head>
    9:   <body>
  
app/assets/stylesheets/custom.scss:1
app/views/layouts/application.html.erb:6:in `_app_views_layouts_application_html_erb___2456648604998470472_70317695612180'
Started GET "/" for 127.0.0.1 at 2018-03-13 22:34:12 -0400
Processing by WelcomeController#index as HTML
  Rendering welcome/index.html.erb within layouts/application
  Rendered welcome/index.html.erb within layouts/application (0.4ms)
Completed 200 OK in 66ms (Views: 64.2ms | ActiveRecord: 0.0ms)


Started GET "/" for 127.0.0.1 at 2018-03-13 22:34:16 -0400
Processing by WelcomeController#index as HTML
  Rendering welcome/index.html.erb within layouts/application
  Rendered welcome/index.html.erb within layouts/application (0.7ms)
Completed 200 OK in 37ms (Views: 34.8ms | ActiveRecord: 0.0ms)


Started GET "/" for 127.0.0.1 at 2018-03-13 22:35:02 -0400
Processing by WelcomeController#index as HTML
  Rendering welcome/index.html.erb within layouts/application
  Rendered welcome/index.html.erb within layouts/application (0.8ms)
Completed 500 Internal Server Error in 51ms (ActiveRecord: 0.0ms)


  
ActionView::Template::Error (File to import not found or unreadable: bootstrap.
Load paths:
  /Users/kcamel/Documents/Github/onesocial/app/assets/config
  /Users/kcamel/Documents/Github/onesocial/app/assets/images
  /Users/kcamel/Documents/Github/onesocial/app/assets/javascripts
  /Users/kcamel/Documents/Github/onesocial/app/assets/stylesheets
  /Users/kcamel/.rbenv/versions/2.5.0/lib/ruby/gems/2.5.0/gems/coffee-rails-4.2.2/lib/assets/javascripts
  /Users/kcamel/.rbenv/versions/2.5.0/lib/ruby/gems/2.5.0/gems/actioncable-5.1.5/lib/assets/compiled
  /Users/kcamel/.rbenv/versions/2.5.0/lib/ruby/gems/2.5.0/gems/actionview-5.1.5/lib/assets/compiled
  /Users/kcamel/.rbenv/versions/2.5.0/lib/ruby/gems/2.5.0/gems/turbolinks-source-5.1.0/lib/assets/javascripts
  /Users/kcamel/Documents/Github/onesocial/node_modules):
    3:   <head>
    4:     <title><%= yield(:title) %></title>
    5:     <%= csrf_meta_tags %>
    6:     <%= stylesheet_link_tag    'application', media: 'all', 'data-turbolinks-track': 'reload' %>
    7:     <%= javascript_include_tag 'application', 'data-turbolinks-track': 'reload' %>
    8:   </head>
    9:   <body>
  
app/assets/stylesheets/custom.scss:2
app/views/layouts/application.html.erb:6:in `_app_views_layouts_application_html_erb___2456648604998470472_70317646826040'
Started GET "/" for 127.0.0.1 at 2018-03-13 22:41:34 -0400
Processing by WelcomeController#index as HTML
  Rendering welcome/index.html.erb within layouts/application
  Rendered welcome/index.html.erb within layouts/application (0.4ms)
Completed 500 Internal Server Error in 33ms (ActiveRecord: 0.0ms)


  
ActionView::Template::Error (File to import not found or unreadable: bootstrap.
Load paths:
  /Users/kcamel/Documents/Github/onesocial/app/assets/config
  /Users/kcamel/Documents/Github/onesocial/app/assets/images
  /Users/kcamel/Documents/Github/onesocial/app/assets/javascripts
  /Users/kcamel/Documents/Github/onesocial/app/assets/stylesheets
  /Users/kcamel/.rbenv/versions/2.5.0/lib/ruby/gems/2.5.0/gems/coffee-rails-4.2.2/lib/assets/javascripts
  /Users/kcamel/.rbenv/versions/2.5.0/lib/ruby/gems/2.5.0/gems/actioncable-5.1.5/lib/assets/compiled
  /Users/kcamel/.rbenv/versions/2.5.0/lib/ruby/gems/2.5.0/gems/actionview-5.1.5/lib/assets/compiled
  /Users/kcamel/.rbenv/versions/2.5.0/lib/ruby/gems/2.5.0/gems/turbolinks-source-5.1.0/lib/assets/javascripts
  /Users/kcamel/Documents/Github/onesocial/node_modules):
    3:   <head>
    4:     <title><%= yield(:title) %></title>
    5:     <%= csrf_meta_tags %>
    6:     <%= stylesheet_link_tag    'application', media: 'all', 'data-turbolinks-track': 'reload' %>
    7:     <%= javascript_include_tag 'application', 'data-turbolinks-track': 'reload' %>
    8:   </head>
    9:   <body>
  
app/assets/stylesheets/custom.scss:2
app/views/layouts/application.html.erb:6:in `_app_views_layouts_application_html_erb___2456648604998470472_70317713860300'
Started GET "/" for 127.0.0.1 at 2018-03-13 22:41:52 -0400
Processing by WelcomeController#index as HTML
  Rendering welcome/index.html.erb within layouts/application
  Rendered welcome/index.html.erb within layouts/application (0.4ms)
Completed 200 OK in 22ms (Views: 20.5ms | ActiveRecord: 0.0ms)


Started GET "/" for 127.0.0.1 at 2018-03-13 22:41:56 -0400
Processing by WelcomeController#index as HTML
  Rendering welcome/index.html.erb within layouts/application
  Rendered welcome/index.html.erb within layouts/application (0.4ms)
Completed 500 Internal Server Error in 30ms (ActiveRecord: 0.0ms)


  
ActionView::Template::Error (File to import not found or unreadable: bootstrap.
Load paths:
  /Users/kcamel/Documents/Github/onesocial/app/assets/config
  /Users/kcamel/Documents/Github/onesocial/app/assets/images
  /Users/kcamel/Documents/Github/onesocial/app/assets/javascripts
  /Users/kcamel/Documents/Github/onesocial/app/assets/stylesheets
  /Users/kcamel/.rbenv/versions/2.5.0/lib/ruby/gems/2.5.0/gems/coffee-rails-4.2.2/lib/assets/javascripts
  /Users/kcamel/.rbenv/versions/2.5.0/lib/ruby/gems/2.5.0/gems/actioncable-5.1.5/lib/assets/compiled
  /Users/kcamel/.rbenv/versions/2.5.0/lib/ruby/gems/2.5.0/gems/actionview-5.1.5/lib/assets/compiled
  /Users/kcamel/.rbenv/versions/2.5.0/lib/ruby/gems/2.5.0/gems/turbolinks-source-5.1.0/lib/assets/javascripts
  /Users/kcamel/Documents/Github/onesocial/node_modules):
    3:   <head>
    4:     <title><%= yield(:title) %></title>
    5:     <%= csrf_meta_tags %>
    6:     <%= stylesheet_link_tag    'application', media: 'all', 'data-turbolinks-track': 'reload' %>
    7:     <%= javascript_include_tag 'application', 'data-turbolinks-track': 'reload' %>
    8:   </head>
    9:   <body>
  
app/assets/stylesheets/custom.scss:2
app/views/layouts/application.html.erb:6:in `_app_views_layouts_application_html_erb___2456648604998470472_70317665026620'
Started GET "/" for 127.0.0.1 at 2018-03-13 22:43:00 -0400
  [1m[35m (0.5ms)[0m  [1m[34mSELECT "schema_migrations"."version" FROM "schema_migrations" ORDER BY "schema_migrations"."version" ASC[0m
Processing by WelcomeController#index as HTML
  Rendering welcome/index.html.erb within layouts/application
  Rendered welcome/index.html.erb within layouts/application (1.0ms)
Completed 200 OK in 251ms (Views: 242.7ms | ActiveRecord: 0.0ms)


Started GET "/" for 127.0.0.1 at 2018-03-13 22:43:39 -0400
Processing by WelcomeController#index as HTML
  Rendering welcome/index.html.erb within layouts/application
  Rendered welcome/index.html.erb within layouts/application (0.4ms)
Completed 200 OK in 33ms (Views: 31.4ms | ActiveRecord: 0.0ms)


  [1m[35m (0.4ms)[0m  [1m[34mSELECT COUNT(*) FROM "users"[0m
  [1m[36mUser Load (0.2ms)[0m  [1m[34mSELECT  "users".* FROM "users" ORDER BY "users"."id" ASC LIMIT $1[0m  [["LIMIT", 1]]
Started GET "/users/2" for 127.0.0.1 at 2018-03-13 22:48:19 -0400
  [1m[35m (0.4ms)[0m  [1m[34mSELECT "schema_migrations"."version" FROM "schema_migrations" ORDER BY "schema_migrations"."version" ASC[0m
  
AbstractController::ActionNotFound (The action 'show' could not be found for UsersController):
  
actionpack (5.1.5) lib/abstract_controller/base.rb:119:in `process'
actionview (5.1.5) lib/action_view/rendering.rb:30:in `process'
actionpack (5.1.5) lib/action_controller/metal.rb:189:in `dispatch'
actionpack (5.1.5) lib/action_controller/metal.rb:253:in `dispatch'
actionpack (5.1.5) lib/action_dispatch/routing/route_set.rb:49:in `dispatch'
actionpack (5.1.5) lib/action_dispatch/routing/route_set.rb:31:in `serve'
actionpack (5.1.5) lib/action_dispatch/journey/router.rb:50:in `block in serve'
actionpack (5.1.5) lib/action_dispatch/journey/router.rb:33:in `each'
actionpack (5.1.5) lib/action_dispatch/journey/router.rb:33:in `serve'
actionpack (5.1.5) lib/action_dispatch/routing/route_set.rb:844:in `call'
rack (2.0.4) lib/rack/etag.rb:25:in `call'
rack (2.0.4) lib/rack/conditional_get.rb:25:in `call'
rack (2.0.4) lib/rack/head.rb:12:in `call'
rack (2.0.4) lib/rack/session/abstract/id.rb:232:in `context'
rack (2.0.4) lib/rack/session/abstract/id.rb:226:in `call'
actionpack (5.1.5) lib/action_dispatch/middleware/cookies.rb:613:in `call'
activerecord (5.1.5) lib/active_record/migration.rb:556:in `call'
actionpack (5.1.5) lib/action_dispatch/middleware/callbacks.rb:26:in `block in call'
activesupport (5.1.5) lib/active_support/callbacks.rb:97:in `run_callbacks'
actionpack (5.1.5) lib/action_dispatch/middleware/callbacks.rb:24:in `call'
actionpack (5.1.5) lib/action_dispatch/middleware/executor.rb:12:in `call'
actionpack (5.1.5) lib/action_dispatch/middleware/debug_exceptions.rb:59:in `call'
web-console (3.5.1) lib/web_console/middleware.rb:135:in `call_app'
web-console (3.5.1) lib/web_console/middleware.rb:28:in `block in call'
web-console (3.5.1) lib/web_console/middleware.rb:18:in `catch'
web-console (3.5.1) lib/web_console/middleware.rb:18:in `call'
actionpack (5.1.5) lib/action_dispatch/middleware/show_exceptions.rb:31:in `call'
railties (5.1.5) lib/rails/rack/logger.rb:36:in `call_app'
railties (5.1.5) lib/rails/rack/logger.rb:24:in `block in call'
activesupport (5.1.5) lib/active_support/tagged_logging.rb:69:in `block in tagged'
activesupport (5.1.5) lib/active_support/tagged_logging.rb:26:in `tagged'
activesupport (5.1.5) lib/active_support/tagged_logging.rb:69:in `tagged'
railties (5.1.5) lib/rails/rack/logger.rb:24:in `call'
sprockets-rails (3.2.1) lib/sprockets/rails/quiet_assets.rb:13:in `call'
actionpack (5.1.5) lib/action_dispatch/middleware/remote_ip.rb:79:in `call'
actionpack (5.1.5) lib/action_dispatch/middleware/request_id.rb:25:in `call'
rack (2.0.4) lib/rack/method_override.rb:22:in `call'
rack (2.0.4) lib/rack/runtime.rb:22:in `call'
activesupport (5.1.5) lib/active_support/cache/strategy/local_cache_middleware.rb:27:in `call'
actionpack (5.1.5) lib/action_dispatch/middleware/executor.rb:12:in `call'
actionpack (5.1.5) lib/action_dispatch/middleware/static.rb:125:in `call'
rack (2.0.4) lib/rack/sendfile.rb:111:in `call'
railties (5.1.5) lib/rails/engine.rb:522:in `call'
puma (3.11.3) lib/puma/configuration.rb:225:in `call'
puma (3.11.3) lib/puma/server.rb:624:in `handle_request'
puma (3.11.3) lib/puma/server.rb:438:in `process_client'
puma (3.11.3) lib/puma/server.rb:302:in `block in run'
puma (3.11.3) lib/puma/thread_pool.rb:120:in `block in spawn_thread'
Started GET "/users/1" for 127.0.0.1 at 2018-03-13 22:50:26 -0400
  
AbstractController::ActionNotFound (The action 'show' could not be found for UsersController):
  
actionpack (5.1.5) lib/abstract_controller/base.rb:119:in `process'
actionview (5.1.5) lib/action_view/rendering.rb:30:in `process'
actionpack (5.1.5) lib/action_controller/metal.rb:189:in `dispatch'
actionpack (5.1.5) lib/action_controller/metal.rb:253:in `dispatch'
actionpack (5.1.5) lib/action_dispatch/routing/route_set.rb:49:in `dispatch'
actionpack (5.1.5) lib/action_dispatch/routing/route_set.rb:31:in `serve'
actionpack (5.1.5) lib/action_dispatch/journey/router.rb:50:in `block in serve'
actionpack (5.1.5) lib/action_dispatch/journey/router.rb:33:in `each'
actionpack (5.1.5) lib/action_dispatch/journey/router.rb:33:in `serve'
actionpack (5.1.5) lib/action_dispatch/routing/route_set.rb:844:in `call'
rack (2.0.4) lib/rack/etag.rb:25:in `call'
rack (2.0.4) lib/rack/conditional_get.rb:25:in `call'
rack (2.0.4) lib/rack/head.rb:12:in `call'
rack (2.0.4) lib/rack/session/abstract/id.rb:232:in `context'
rack (2.0.4) lib/rack/session/abstract/id.rb:226:in `call'
actionpack (5.1.5) lib/action_dispatch/middleware/cookies.rb:613:in `call'
activerecord (5.1.5) lib/active_record/migration.rb:556:in `call'
actionpack (5.1.5) lib/action_dispatch/middleware/callbacks.rb:26:in `block in call'
activesupport (5.1.5) lib/active_support/callbacks.rb:97:in `run_callbacks'
actionpack (5.1.5) lib/action_dispatch/middleware/callbacks.rb:24:in `call'
actionpack (5.1.5) lib/action_dispatch/middleware/executor.rb:12:in `call'
actionpack (5.1.5) lib/action_dispatch/middleware/debug_exceptions.rb:59:in `call'
web-console (3.5.1) lib/web_console/middleware.rb:135:in `call_app'
web-console (3.5.1) lib/web_console/middleware.rb:28:in `block in call'
web-console (3.5.1) lib/web_console/middleware.rb:18:in `catch'
web-console (3.5.1) lib/web_console/middleware.rb:18:in `call'
actionpack (5.1.5) lib/action_dispatch/middleware/show_exceptions.rb:31:in `call'
railties (5.1.5) lib/rails/rack/logger.rb:36:in `call_app'
railties (5.1.5) lib/rails/rack/logger.rb:24:in `block in call'
activesupport (5.1.5) lib/active_support/tagged_logging.rb:69:in `block in tagged'
activesupport (5.1.5) lib/active_support/tagged_logging.rb:26:in `tagged'
activesupport (5.1.5) lib/active_support/tagged_logging.rb:69:in `tagged'
railties (5.1.5) lib/rails/rack/logger.rb:24:in `call'
sprockets-rails (3.2.1) lib/sprockets/rails/quiet_assets.rb:13:in `call'
actionpack (5.1.5) lib/action_dispatch/middleware/remote_ip.rb:79:in `call'
actionpack (5.1.5) lib/action_dispatch/middleware/request_id.rb:25:in `call'
rack (2.0.4) lib/rack/method_override.rb:22:in `call'
rack (2.0.4) lib/rack/runtime.rb:22:in `call'
activesupport (5.1.5) lib/active_support/cache/strategy/local_cache_middleware.rb:27:in `call'
actionpack (5.1.5) lib/action_dispatch/middleware/executor.rb:12:in `call'
actionpack (5.1.5) lib/action_dispatch/middleware/static.rb:125:in `call'
rack (2.0.4) lib/rack/sendfile.rb:111:in `call'
railties (5.1.5) lib/rails/engine.rb:522:in `call'
puma (3.11.3) lib/puma/configuration.rb:225:in `call'
puma (3.11.3) lib/puma/server.rb:624:in `handle_request'
puma (3.11.3) lib/puma/server.rb:438:in `process_client'
puma (3.11.3) lib/puma/server.rb:302:in `block in run'
puma (3.11.3) lib/puma/thread_pool.rb:120:in `block in spawn_thread'
Started GET "/users/1" for 127.0.0.1 at 2018-03-13 22:51:13 -0400
Processing by UsersController#show as HTML
  Parameters: {"id"=>"1"}
  Rendering users/show.html.erb within layouts/application
  Rendered users/show.html.erb within layouts/application (3.4ms)
Completed 500 Internal Server Error in 16ms (ActiveRecord: 0.0ms)


  
ActionView::Template::Error (undefined method `name' for nil:NilClass):
    1: <%= @user.name %>, <%= @user.email %>
  
app/views/users/show.html.erb:1:in `_app_views_users_show_html_erb__3296995958549779884_70289344507260'
Started GET "/users/2" for 127.0.0.1 at 2018-03-13 22:51:17 -0400
Processing by UsersController#show as HTML
  Parameters: {"id"=>"2"}
  Rendering users/show.html.erb within layouts/application
  Rendered users/show.html.erb within layouts/application (3.0ms)
Completed 500 Internal Server Error in 9ms (ActiveRecord: 0.0ms)


  
ActionView::Template::Error (undefined method `name' for nil:NilClass):
    1: <%= @user.name %>, <%= @user.email %>
  
app/views/users/show.html.erb:1:in `_app_views_users_show_html_erb__3296995958549779884_70289357304480'
Started GET "/users/2" for 127.0.0.1 at 2018-03-13 22:51:37 -0400
Processing by UsersController#show as HTML
  Parameters: {"id"=>"2"}
  [1m[36mUser Load (0.3ms)[0m  [1m[34mSELECT  "users".* FROM "users" WHERE "users"."id" = $1 LIMIT $2[0m  [["id", 2], ["LIMIT", 1]]
  Rendering users/show.html.erb within layouts/application
  Rendered users/show.html.erb within layouts/application (0.3ms)
Completed 200 OK in 204ms (Views: 187.0ms | ActiveRecord: 3.7ms)


Started GET "/users/2" for 127.0.0.1 at 2018-03-13 22:51:47 -0400
Processing by UsersController#show as HTML
  Parameters: {"id"=>"2"}
  [1m[36mUser Load (0.2ms)[0m  [1m[34mSELECT  "users".* FROM "users" WHERE "users"."id" = $1 LIMIT $2[0m  [["id", 2], ["LIMIT", 1]]
  Rendering users/show.html.erb within layouts/application
  Rendered users/show.html.erb within layouts/application (0.3ms)
Completed 500 Internal Server Error in 8ms (ActiveRecord: 0.2ms)


  
SyntaxError (/Users/kcamel/Documents/Github/onesocial/app/views/layouts/application.html.erb:12: syntax error, unexpected '<'
  </body>
  ^
/Users/kcamel/Documents/Github/onesocial/app/views/layouts/application.html.erb:13: unknown regexp options - htl
/Users/kcamel/Documents/Github/onesocial/app/views/layouts/application.html.erb:18: unterminated string meets end of file
          end
             ^
/Users/kcamel/Documents/Github/onesocial/app/views/layouts/application.html.erb:18: syntax error, unexpected end-of-input, expecting ')'
          end
             ^):
  
app/views/layouts/application.html.erb:12: syntax error, unexpected '<'
app/views/layouts/application.html.erb:13: unknown regexp options - htl
app/views/layouts/application.html.erb:18: unterminated string meets end of file
app/views/layouts/application.html.erb:18: syntax error, unexpected end-of-input, expecting ')'
Started GET "/users/2" for 127.0.0.1 at 2018-03-13 22:52:00 -0400
Processing by UsersController#show as HTML
  Parameters: {"id"=>"2"}
  [1m[36mUser Load (0.6ms)[0m  [1m[34mSELECT  "users".* FROM "users" WHERE "users"."id" = $1 LIMIT $2[0m  [["id", 2], ["LIMIT", 1]]
  Rendering users/show.html.erb within layouts/application
  Rendered users/show.html.erb within layouts/application (0.4ms)
Completed 200 OK in 23ms (Views: 19.1ms | ActiveRecord: 0.6ms)


Started GET "/users/2" for 127.0.0.1 at 2018-03-13 22:53:16 -0400
Processing by UsersController#show as HTML
  Parameters: {"id"=>"2"}
  [1m[36mUser Load (0.3ms)[0m  [1m[34mSELECT  "users".* FROM "users" WHERE "users"."id" = $1 LIMIT $2[0m  [["id", nil], ["LIMIT", 1]]
Completed 404 Not Found in 7ms (ActiveRecord: 2.7ms)


  
ActiveRecord::RecordNotFound (Couldn't find User with 'id'=):
  
app/controllers/users_controller.rb:4:in `show'
Started GET "/users/Chuck%20Nawris" for 127.0.0.1 at 2018-03-13 22:53:25 -0400
Processing by UsersController#show as HTML
  Parameters: {"id"=>"Chuck Nawris"}
  [1m[36mUser Load (0.1ms)[0m  [1m[34mSELECT  "users".* FROM "users" WHERE "users"."id" = $1 LIMIT $2[0m  [["id", nil], ["LIMIT", 1]]
Completed 404 Not Found in 1ms (ActiveRecord: 0.1ms)


  
ActiveRecord::RecordNotFound (Couldn't find User with 'id'=):
  
app/controllers/users_controller.rb:4:in `show'
Started PUT "/__web_console/repl_sessions/25fcff7414ed96bf88114936ac5505ab" for 127.0.0.1 at 2018-03-13 22:53:37 -0400
Started PUT "/__web_console/repl_sessions/25fcff7414ed96bf88114936ac5505ab" for 127.0.0.1 at 2018-03-13 22:53:41 -0400
Started PUT "/__web_console/repl_sessions/25fcff7414ed96bf88114936ac5505ab" for 127.0.0.1 at 2018-03-13 22:53:42 -0400
Started PUT "/__web_console/repl_sessions/25fcff7414ed96bf88114936ac5505ab" for 127.0.0.1 at 2018-03-13 22:53:43 -0400
Started PUT "/__web_console/repl_sessions/25fcff7414ed96bf88114936ac5505ab" for 127.0.0.1 at 2018-03-13 22:53:49 -0400
Started PUT "/__web_console/repl_sessions/25fcff7414ed96bf88114936ac5505ab" for 127.0.0.1 at 2018-03-13 22:53:50 -0400
Started GET "/users/Chuck%20Nawris" for 127.0.0.1 at 2018-03-13 22:53:58 -0400
Processing by UsersController#show as HTML
  Parameters: {"id"=>"Chuck Nawris"}
  [1m[36mUser Load (0.2ms)[0m  [1m[34mSELECT  "users".* FROM "users" WHERE "users"."id" = $1 LIMIT $2[0m  [["id", nil], ["LIMIT", 1]]
Completed 404 Not Found in 1ms (ActiveRecord: 0.2ms)


  
ActiveRecord::RecordNotFound (Couldn't find User with 'id'=):
  
app/controllers/users_controller.rb:4:in `show'
Started PUT "/__web_console/repl_sessions/f8ce6e597edbbc76ad97630d0df417ad" for 127.0.0.1 at 2018-03-13 22:54:44 -0400
Started PUT "/__web_console/repl_sessions/f8ce6e597edbbc76ad97630d0df417ad" for 127.0.0.1 at 2018-03-13 22:54:52 -0400
Started PUT "/__web_console/repl_sessions/f8ce6e597edbbc76ad97630d0df417ad" for 127.0.0.1 at 2018-03-13 22:54:53 -0400
  [1m[36mUser Load (0.4ms)[0m  [1m[34mSELECT  "users".* FROM "users" ORDER BY "users"."id" ASC LIMIT $1[0m  [["LIMIT", 1]]
Started PUT "/__web_console/repl_sessions/f8ce6e597edbbc76ad97630d0df417ad" for 127.0.0.1 at 2018-03-13 22:54:53 -0400
Started PUT "/__web_console/repl_sessions/f8ce6e597edbbc76ad97630d0df417ad" for 127.0.0.1 at 2018-03-13 22:54:54 -0400
Started PUT "/__web_console/repl_sessions/f8ce6e597edbbc76ad97630d0df417ad" for 127.0.0.1 at 2018-03-13 22:54:55 -0400
Started PUT "/__web_console/repl_sessions/f8ce6e597edbbc76ad97630d0df417ad" for 127.0.0.1 at 2018-03-13 22:55:02 -0400
Started PUT "/__web_console/repl_sessions/f8ce6e597edbbc76ad97630d0df417ad" for 127.0.0.1 at 2018-03-13 22:55:27 -0400
Started PUT "/__web_console/repl_sessions/f8ce6e597edbbc76ad97630d0df417ad" for 127.0.0.1 at 2018-03-13 22:55:28 -0400
Started PUT "/__web_console/repl_sessions/f8ce6e597edbbc76ad97630d0df417ad" for 127.0.0.1 at 2018-03-13 22:55:35 -0400
Started PUT "/__web_console/repl_sessions/f8ce6e597edbbc76ad97630d0df417ad" for 127.0.0.1 at 2018-03-13 22:55:36 -0400
Started PUT "/__web_console/repl_sessions/f8ce6e597edbbc76ad97630d0df417ad" for 127.0.0.1 at 2018-03-13 22:55:50 -0400
Started PUT "/__web_console/repl_sessions/f8ce6e597edbbc76ad97630d0df417ad" for 127.0.0.1 at 2018-03-13 22:55:54 -0400
Started PUT "/__web_console/repl_sessions/f8ce6e597edbbc76ad97630d0df417ad" for 127.0.0.1 at 2018-03-13 22:56:02 -0400
  [1m[36mUser Load (0.1ms)[0m  [1m[34mSELECT  "users".* FROM "users" WHERE "users"."id" = $1 LIMIT $2[0m  [["id", nil], ["LIMIT", 1]]
Started GET "/users/Chuck%20Nawris" for 127.0.0.1 at 2018-03-13 22:57:48 -0400
Processing by UsersController#show as HTML
  Parameters: {"id"=>"Chuck Nawris"}
  [1m[36mUser Load (0.1ms)[0m  [1m[34mSELECT  "users".* FROM "users" WHERE "users"."id" = $1 LIMIT $2[0m  [["id", nil], ["LIMIT", 1]]
Completed 404 Not Found in 6ms (ActiveRecord: 2.5ms)


  
ActiveRecord::RecordNotFound (Couldn't find User with 'id'={:name=>nil}):
  
app/controllers/users_controller.rb:4:in `show'
Started GET "/users/Chuck%20Nawris" for 127.0.0.1 at 2018-03-13 22:58:08 -0400
Processing by UsersController#show as HTML
  Parameters: {"id"=>"Chuck Nawris"}
  [1m[36mUser Load (0.2ms)[0m  [1m[34mSELECT  "users".* FROM "users" WHERE "users"."name" IS NULL LIMIT $1[0m  [["LIMIT", 1]]
  Rendering users/show.html.erb within layouts/application
  Rendered users/show.html.erb within layouts/application (2.4ms)
Completed 500 Internal Server Error in 15ms (ActiveRecord: 1.0ms)


  
ActionView::Template::Error (undefined method `name' for nil:NilClass):
    1: <%= @user.name %>, <%= @user.email %>
  
app/views/users/show.html.erb:1:in `_app_views_users_show_html_erb__3296995958549779884_70289405495000'
Started GET "/users/Chuck%20Nawris" for 127.0.0.1 at 2018-03-13 22:58:14 -0400
Processing by UsersController#show as HTML
  Parameters: {"id"=>"Chuck Nawris"}
  [1m[36mUser Load (0.2ms)[0m  [1m[34mSELECT  "users".* FROM "users" LIMIT $1[0m  [["LIMIT", 1]]
  Rendering users/show.html.erb within layouts/application
  Rendered users/show.html.erb within layouts/application (0.5ms)
Completed 200 OK in 30ms (Views: 17.6ms | ActiveRecord: 3.6ms)


Started GET "/users/Chuck%20Nawris" for 127.0.0.1 at 2018-03-13 23:01:58 -0400
Processing by UsersController#show as HTML
  Parameters: {"id"=>"Chuck Nawris"}
Completed 500 Internal Server Error in 1ms (ActiveRecord: 0.0ms)


  
SyntaxError (/Users/kcamel/Documents/Github/onesocial/app/models/user.rb:6: syntax error, unexpected '}', expecting =>
... format: {VALID_USERNAME_REGEX}
...                              ^):
  
app/models/user.rb:6: syntax error, unexpected '}', expecting =>
app/controllers/users_controller.rb:4:in `show'
Started GET "/users/Chuck%20Nawris" for 127.0.0.1 at 2018-03-13 23:02:08 -0400
Processing by UsersController#show as HTML
  Parameters: {"id"=>"Chuck Nawris"}
  [1m[36mUser Load (0.2ms)[0m  [1m[34mSELECT  "users".* FROM "users" LIMIT $1[0m  [["LIMIT", 1]]
  Rendering users/show.html.erb within layouts/application
  Rendered users/show.html.erb within layouts/application (0.5ms)
Completed 200 OK in 32ms (Views: 18.8ms | ActiveRecord: 2.7ms)


Started GET "/users/Chuck%20Nawris" for 127.0.0.1 at 2018-03-13 23:02:15 -0400
Processing by UsersController#show as HTML
  Parameters: {"id"=>"Chuck Nawris"}
  [1m[36mUser Load (0.2ms)[0m  [1m[34mSELECT  "users".* FROM "users" LIMIT $1[0m  [["LIMIT", 1]]
  Rendering users/show.html.erb within layouts/application
  Rendered users/show.html.erb within layouts/application (0.6ms)
Completed 200 OK in 18ms (Views: 15.6ms | ActiveRecord: 0.2ms)


Started GET "/users/Chuck%20Nawris" for 127.0.0.1 at 2018-03-13 23:02:19 -0400
Processing by UsersController#show as HTML
  Parameters: {"id"=>"Chuck Nawris"}
  [1m[36mUser Load (0.2ms)[0m  [1m[34mSELECT  "users".* FROM "users" LIMIT $1[0m  [["LIMIT", 1]]
  Rendering users/show.html.erb within layouts/application
  Rendered users/show.html.erb within layouts/application (0.5ms)
Completed 200 OK in 18ms (Views: 15.1ms | ActiveRecord: 0.2ms)


Started GET "/users/Chuck%20Nawris" for 127.0.0.1 at 2018-03-13 23:06:14 -0400
Processing by UsersController#show as HTML
  Parameters: {"id"=>"Chuck Nawris"}
  [1m[36mUser Load (0.2ms)[0m  [1m[34mSELECT  "users".* FROM "users" LIMIT $1[0m  [["LIMIT", 1]]
  Rendering users/show.html.erb within layouts/application
  Rendered users/show.html.erb within layouts/application (0.3ms)
Completed 200 OK in 28ms (Views: 16.7ms | ActiveRecord: 2.8ms)


Started GET "/users/Chuck%20Nawris" for 127.0.0.1 at 2018-03-13 23:11:06 -0400
Processing by UsersController#show as HTML
  Parameters: {"id"=>"Chuck Nawris"}
  [1m[36mUser Load (0.3ms)[0m  [1m[34mSELECT  "users".* FROM "users" LIMIT $1[0m  [["LIMIT", 1]]
  Rendering users/show.html.erb within layouts/application
  Rendered users/show.html.erb within layouts/application (0.3ms)
Completed 200 OK in 28ms (Views: 16.3ms | ActiveRecord: 2.7ms)


Started GET "/users/new" for 127.0.0.1 at 2018-03-13 23:11:09 -0400
Processing by UsersController#new as HTML
  Rendering users/new.html.erb within layouts/application
  Rendered users/new.html.erb within layouts/application (13.3ms)
Completed 200 OK in 30ms (Views: 27.9ms | ActiveRecord: 0.0ms)


Started GET "/users/new" for 127.0.0.1 at 2018-03-13 23:11:53 -0400
Processing by UsersController#new as HTML
  Rendering users/new.html.erb within layouts/application
  Rendered users/new.html.erb within layouts/application (1.9ms)
Completed 200 OK in 18ms (Views: 16.5ms | ActiveRecord: 0.0ms)


Started GET "/users/new" for 127.0.0.1 at 2018-03-13 23:12:35 -0400
Processing by UsersController#new as HTML
  Rendering users/new.html.erb within layouts/application
  Rendered users/new.html.erb within layouts/application (1.5ms)
Completed 200 OK in 21ms (Views: 18.4ms | ActiveRecord: 0.0ms)


Started GET "/users/new" for 127.0.0.1 at 2018-03-13 23:13:56 -0400
Processing by UsersController#new as HTML
  Rendering users/new.html.erb within layouts/application
  Rendered users/new.html.erb within layouts/application (1.4ms)
Completed 200 OK in 21ms (Views: 19.0ms | ActiveRecord: 0.0ms)


Started GET "/users/new" for 127.0.0.1 at 2018-03-13 23:14:22 -0400
Processing by UsersController#new as HTML
  Rendering users/new.html.erb within layouts/application
  Rendered users/new.html.erb within layouts/application (1.3ms)
Completed 200 OK in 18ms (Views: 16.4ms | ActiveRecord: 0.0ms)


Started GET "/users/new" for 127.0.0.1 at 2018-03-13 23:18:20 -0400
Processing by UsersController#new as HTML
  Rendering users/new.html.erb within layouts/application
  Rendered users/new.html.erb within layouts/application (2.1ms)
Completed 200 OK in 32ms (Views: 20.8ms | ActiveRecord: 2.3ms)


Started POST "/users" for 127.0.0.1 at 2018-03-13 23:18:44 -0400
Processing by UsersController#create as HTML
  Parameters: {"utf8"=>"✓", "authenticity_token"=>"M5VnT+c6u8T0Y/M3z7Fz3C1BGdVAtDj9UAW/erQ8tSSpd3p68ZBziGVXczN9pasY8bTg0k5YD+4h27ouIvu6+g==", "user"=>{"name"=>"", "email"=>"", "password"=>"[FILTERED]", "password_confirmation"=>"[FILTERED]"}, "commit"=>"Create my account"}
Completed 500 Internal Server Error in 1ms (ActiveRecord: 0.0ms)


  
ActiveModel::ForbiddenAttributesError (ActiveModel::ForbiddenAttributesError):
  
app/controllers/users_controller.rb:13:in `create'
Started POST "/users" for 127.0.0.1 at 2018-03-13 23:20:20 -0400
Processing by UsersController#create as HTML
  Parameters: {"utf8"=>"✓", "authenticity_token"=>"M5VnT+c6u8T0Y/M3z7Fz3C1BGdVAtDj9UAW/erQ8tSSpd3p68ZBziGVXczN9pasY8bTg0k5YD+4h27ouIvu6+g==", "user"=>{"name"=>"", "email"=>"", "password"=>"[FILTERED]", "password_confirmation"=>"[FILTERED]"}, "commit"=>"Create my account"}
  [1m[35m (0.2ms)[0m  [1m[35mBEGIN[0m
  [1m[36mUser Exists (0.5ms)[0m  [1m[34mSELECT  1 AS one FROM "users" WHERE LOWER("users"."email") = LOWER($1) LIMIT $2[0m  [["email", ""], ["LIMIT", 1]]
  [1m[35m (0.2ms)[0m  [1m[31mROLLBACK[0m
  Rendering users/new.html.erb within layouts/application
  Rendered users/new.html.erb within layouts/application (1.6ms)
Completed 200 OK in 40ms (Views: 21.0ms | ActiveRecord: 5.6ms)


Started GET "/users" for 127.0.0.1 at 2018-03-13 23:25:06 -0400
  
AbstractController::ActionNotFound (The action 'index' could not be found for UsersController):
  
actionpack (5.1.5) lib/abstract_controller/base.rb:119:in `process'
actionview (5.1.5) lib/action_view/rendering.rb:30:in `process'
actionpack (5.1.5) lib/action_controller/metal.rb:189:in `dispatch'
actionpack (5.1.5) lib/action_controller/metal.rb:253:in `dispatch'
actionpack (5.1.5) lib/action_dispatch/routing/route_set.rb:49:in `dispatch'
actionpack (5.1.5) lib/action_dispatch/routing/route_set.rb:31:in `serve'
actionpack (5.1.5) lib/action_dispatch/journey/router.rb:50:in `block in serve'
actionpack (5.1.5) lib/action_dispatch/journey/router.rb:33:in `each'
actionpack (5.1.5) lib/action_dispatch/journey/router.rb:33:in `serve'
actionpack (5.1.5) lib/action_dispatch/routing/route_set.rb:844:in `call'
rack (2.0.4) lib/rack/etag.rb:25:in `call'
rack (2.0.4) lib/rack/conditional_get.rb:25:in `call'
rack (2.0.4) lib/rack/head.rb:12:in `call'
rack (2.0.4) lib/rack/session/abstract/id.rb:232:in `context'
rack (2.0.4) lib/rack/session/abstract/id.rb:226:in `call'
actionpack (5.1.5) lib/action_dispatch/middleware/cookies.rb:613:in `call'
activerecord (5.1.5) lib/active_record/migration.rb:556:in `call'
actionpack (5.1.5) lib/action_dispatch/middleware/callbacks.rb:26:in `block in call'
activesupport (5.1.5) lib/active_support/callbacks.rb:97:in `run_callbacks'
actionpack (5.1.5) lib/action_dispatch/middleware/callbacks.rb:24:in `call'
actionpack (5.1.5) lib/action_dispatch/middleware/executor.rb:12:in `call'
actionpack (5.1.5) lib/action_dispatch/middleware/debug_exceptions.rb:59:in `call'
web-console (3.5.1) lib/web_console/middleware.rb:135:in `call_app'
web-console (3.5.1) lib/web_console/middleware.rb:28:in `block in call'
web-console (3.5.1) lib/web_console/middleware.rb:18:in `catch'
web-console (3.5.1) lib/web_console/middleware.rb:18:in `call'
actionpack (5.1.5) lib/action_dispatch/middleware/show_exceptions.rb:31:in `call'
railties (5.1.5) lib/rails/rack/logger.rb:36:in `call_app'
railties (5.1.5) lib/rails/rack/logger.rb:24:in `block in call'
activesupport (5.1.5) lib/active_support/tagged_logging.rb:69:in `block in tagged'
activesupport (5.1.5) lib/active_support/tagged_logging.rb:26:in `tagged'
activesupport (5.1.5) lib/active_support/tagged_logging.rb:69:in `tagged'
railties (5.1.5) lib/rails/rack/logger.rb:24:in `call'
sprockets-rails (3.2.1) lib/sprockets/rails/quiet_assets.rb:13:in `call'
actionpack (5.1.5) lib/action_dispatch/middleware/remote_ip.rb:79:in `call'
actionpack (5.1.5) lib/action_dispatch/middleware/request_id.rb:25:in `call'
rack (2.0.4) lib/rack/method_override.rb:22:in `call'
rack (2.0.4) lib/rack/runtime.rb:22:in `call'
activesupport (5.1.5) lib/active_support/cache/strategy/local_cache_middleware.rb:27:in `call'
actionpack (5.1.5) lib/action_dispatch/middleware/executor.rb:12:in `call'
actionpack (5.1.5) lib/action_dispatch/middleware/static.rb:125:in `call'
rack (2.0.4) lib/rack/sendfile.rb:111:in `call'
railties (5.1.5) lib/rails/engine.rb:522:in `call'
puma (3.11.3) lib/puma/configuration.rb:225:in `call'
puma (3.11.3) lib/puma/server.rb:624:in `handle_request'
puma (3.11.3) lib/puma/server.rb:438:in `process_client'
puma (3.11.3) lib/puma/server.rb:302:in `block in run'
puma (3.11.3) lib/puma/thread_pool.rb:120:in `block in spawn_thread'
Started GET "/users/new" for 127.0.0.1 at 2018-03-13 23:25:16 -0400
Processing by UsersController#new as HTML
  Rendering users/new.html.erb within layouts/application
  Rendered shared/_error_messages.html.erb (0.4ms)
  Rendered users/new.html.erb within layouts/application (3.8ms)
Completed 500 Internal Server Error in 25ms (ActiveRecord: 0.0ms)


  
ActionView::Template::Error (Undefined variable: "$state-danger-text".):
    3:   <head>
    4:     <title><%= yield(:title) %></title>
    5:     <%= csrf_meta_tags %>
    6:     <%= stylesheet_link_tag    'application', media: 'all', 'data-turbolinks-track': 'reload' %>
    7:     <%= javascript_include_tag 'application', 'data-turbolinks-track': 'reload' %>
    8:   </head>
    9:   <body>
  
app/assets/stylesheets/custom.scss:12
app/views/layouts/application.html.erb:6:in `_app_views_layouts_application_html_erb__1533133874811301321_70289345430940'
Started GET "/users/new" for 127.0.0.1 at 2018-03-13 23:25:29 -0400
Processing by UsersController#new as HTML
  Rendering users/new.html.erb within layouts/application
  Rendered shared/_error_messages.html.erb (0.4ms)
  Rendered users/new.html.erb within layouts/application (3.5ms)
Completed 500 Internal Server Error in 27ms (ActiveRecord: 0.0ms)


  
ActionView::Template::Error (".field_with_errors" failed to @extend ".has-error".
The selector ".has-error" was not found.
Use "@extend .has-error !optional" if the extend should be able to fail.
):
    3:   <head>
    4:     <title><%= yield(:title) %></title>
    5:     <%= csrf_meta_tags %>
    6:     <%= stylesheet_link_tag    'application', media: 'all', 'data-turbolinks-track': 'reload' %>
    7:     <%= javascript_include_tag 'application', 'data-turbolinks-track': 'reload' %>
    8:   </head>
    9:   <body>
  
app/assets/stylesheets/custom.scss:10
app/views/layouts/application.html.erb:6:in `_app_views_layouts_application_html_erb__1533133874811301321_70289405498860'
Started GET "/users/new" for 127.0.0.1 at 2018-03-13 23:25:38 -0400
Processing by UsersController#new as HTML
  Rendering users/new.html.erb within layouts/application
  Rendered shared/_error_messages.html.erb (0.4ms)
  Rendered users/new.html.erb within layouts/application (4.2ms)
Completed 200 OK in 53ms (Views: 50.7ms | ActiveRecord: 0.0ms)


Started POST "/users" for 127.0.0.1 at 2018-03-13 23:25:40 -0400
Processing by UsersController#create as HTML
  Parameters: {"utf8"=>"✓", "authenticity_token"=>"iXGgbV78kmgaGeo5lWoanVxuNvulahd4CYh8JU6iqDETk71YSFZaJIstaj0nfsJZgJvP/KuGIGt4Vnlx2GWn7w==", "user"=>{"name"=>"", "email"=>"", "password"=>"[FILTERED]", "password_confirmation"=>"[FILTERED]"}, "commit"=>"Create my account"}
  [1m[35m (0.1ms)[0m  [1m[35mBEGIN[0m
  [1m[36mUser Exists (0.2ms)[0m  [1m[34mSELECT  1 AS one FROM "users" WHERE LOWER("users"."email") = LOWER($1) LIMIT $2[0m  [["email", ""], ["LIMIT", 1]]
  [1m[35m (0.1ms)[0m  [1m[31mROLLBACK[0m
  Rendering users/new.html.erb within layouts/application
  Rendered shared/_error_messages.html.erb (0.9ms)
  Rendered users/new.html.erb within layouts/application (3.8ms)
Completed 200 OK in 25ms (Views: 20.8ms | ActiveRecord: 0.4ms)


Started GET "/users" for 127.0.0.1 at 2018-03-13 23:26:05 -0400
  
AbstractController::ActionNotFound (The action 'index' could not be found for UsersController):
  
actionpack (5.1.5) lib/abstract_controller/base.rb:119:in `process'
actionview (5.1.5) lib/action_view/rendering.rb:30:in `process'
actionpack (5.1.5) lib/action_controller/metal.rb:189:in `dispatch'
actionpack (5.1.5) lib/action_controller/metal.rb:253:in `dispatch'
actionpack (5.1.5) lib/action_dispatch/routing/route_set.rb:49:in `dispatch'
actionpack (5.1.5) lib/action_dispatch/routing/route_set.rb:31:in `serve'
actionpack (5.1.5) lib/action_dispatch/journey/router.rb:50:in `block in serve'
actionpack (5.1.5) lib/action_dispatch/journey/router.rb:33:in `each'
actionpack (5.1.5) lib/action_dispatch/journey/router.rb:33:in `serve'
actionpack (5.1.5) lib/action_dispatch/routing/route_set.rb:844:in `call'
rack (2.0.4) lib/rack/etag.rb:25:in `call'
rack (2.0.4) lib/rack/conditional_get.rb:25:in `call'
rack (2.0.4) lib/rack/head.rb:12:in `call'
rack (2.0.4) lib/rack/session/abstract/id.rb:232:in `context'
rack (2.0.4) lib/rack/session/abstract/id.rb:226:in `call'
actionpack (5.1.5) lib/action_dispatch/middleware/cookies.rb:613:in `call'
activerecord (5.1.5) lib/active_record/migration.rb:556:in `call'
actionpack (5.1.5) lib/action_dispatch/middleware/callbacks.rb:26:in `block in call'
activesupport (5.1.5) lib/active_support/callbacks.rb:97:in `run_callbacks'
actionpack (5.1.5) lib/action_dispatch/middleware/callbacks.rb:24:in `call'
actionpack (5.1.5) lib/action_dispatch/middleware/executor.rb:12:in `call'
actionpack (5.1.5) lib/action_dispatch/middleware/debug_exceptions.rb:59:in `call'
web-console (3.5.1) lib/web_console/middleware.rb:135:in `call_app'
web-console (3.5.1) lib/web_console/middleware.rb:28:in `block in call'
web-console (3.5.1) lib/web_console/middleware.rb:18:in `catch'
web-console (3.5.1) lib/web_console/middleware.rb:18:in `call'
actionpack (5.1.5) lib/action_dispatch/middleware/show_exceptions.rb:31:in `call'
railties (5.1.5) lib/rails/rack/logger.rb:36:in `call_app'
railties (5.1.5) lib/rails/rack/logger.rb:24:in `block in call'
activesupport (5.1.5) lib/active_support/tagged_logging.rb:69:in `block in tagged'
activesupport (5.1.5) lib/active_support/tagged_logging.rb:26:in `tagged'
activesupport (5.1.5) lib/active_support/tagged_logging.rb:69:in `tagged'
railties (5.1.5) lib/rails/rack/logger.rb:24:in `call'
sprockets-rails (3.2.1) lib/sprockets/rails/quiet_assets.rb:13:in `call'
actionpack (5.1.5) lib/action_dispatch/middleware/remote_ip.rb:79:in `call'
actionpack (5.1.5) lib/action_dispatch/middleware/request_id.rb:25:in `call'
rack (2.0.4) lib/rack/method_override.rb:22:in `call'
rack (2.0.4) lib/rack/runtime.rb:22:in `call'
activesupport (5.1.5) lib/active_support/cache/strategy/local_cache_middleware.rb:27:in `call'
actionpack (5.1.5) lib/action_dispatch/middleware/executor.rb:12:in `call'
actionpack (5.1.5) lib/action_dispatch/middleware/static.rb:125:in `call'
rack (2.0.4) lib/rack/sendfile.rb:111:in `call'
railties (5.1.5) lib/rails/engine.rb:522:in `call'
puma (3.11.3) lib/puma/configuration.rb:225:in `call'
puma (3.11.3) lib/puma/server.rb:624:in `handle_request'
puma (3.11.3) lib/puma/server.rb:438:in `process_client'
puma (3.11.3) lib/puma/server.rb:302:in `block in run'
puma (3.11.3) lib/puma/thread_pool.rb:120:in `block in spawn_thread'
Started GET "/" for 127.0.0.1 at 2018-03-13 23:26:10 -0400
Processing by WelcomeController#index as HTML
  Rendering welcome/index.html.erb within layouts/application
  Rendered welcome/index.html.erb within layouts/application (0.4ms)
Completed 200 OK in 42ms (Views: 39.7ms | ActiveRecord: 0.0ms)


Started GET "/users/new" for 127.0.0.1 at 2018-03-13 23:26:15 -0400
Processing by UsersController#new as HTML
  Rendering users/new.html.erb within layouts/application
  Rendered shared/_error_messages.html.erb (0.3ms)
  Rendered users/new.html.erb within layouts/application (3.2ms)
Completed 200 OK in 20ms (Views: 17.9ms | ActiveRecord: 0.0ms)


  [1m[35m (0.3ms)[0m  [1m[34mSELECT COUNT(*) FROM "users"[0m
  [1m[36mUser Load (0.3ms)[0m  [1m[34mSELECT  "users".* FROM "users" ORDER BY "users"."id" ASC LIMIT $1[0m  [["LIMIT", 1]]
  [1m[36mUser Load (0.3ms)[0m  [1m[34mSELECT  "users".* FROM "users" ORDER BY "users"."id" ASC LIMIT $1[0m  [["LIMIT", 1]]
  [1m[35m (0.1ms)[0m  [1m[35mBEGIN[0m
  [1m[36mUser Exists (0.4ms)[0m  [1m[34mSELECT  1 AS one FROM "users" WHERE LOWER("users"."email") = LOWER($1) AND ("users"."id" != $2) LIMIT $3[0m  [["email", "chuck@darpanet.com"], ["id", 2], ["LIMIT", 1]]
  [1m[35m (0.2ms)[0m  [1m[31mROLLBACK[0m
  [1m[36mUser Load (0.3ms)[0m  [1m[34mSELECT  "users".* FROM "users" ORDER BY "users"."id" ASC LIMIT $1[0m  [["LIMIT", 1]]
  [1m[36mUser Load (0.3ms)[0m  [1m[34mSELECT  "users".* FROM "users" ORDER BY "users"."id" ASC LIMIT $1[0m  [["LIMIT", 1]]
  [1m[35m (0.1ms)[0m  [1m[35mBEGIN[0m
  [1m[36mUser Exists (0.3ms)[0m  [1m[34mSELECT  1 AS one FROM "users" WHERE LOWER("users"."email") = LOWER($1) AND ("users"."id" != $2) LIMIT $3[0m  [["email", "chuck@darpanet.com"], ["id", 2], ["LIMIT", 1]]
  [1m[35m (0.2ms)[0m  [1m[31mROLLBACK[0m
  [1m[36mUser Load (0.2ms)[0m  [1m[34mSELECT  "users".* FROM "users" WHERE "users"."id" = $1 LIMIT $2[0m  [["id", 2], ["LIMIT", 11]]
  [1m[36mUser Load (0.4ms)[0m  [1m[34mSELECT  "users".* FROM "users" WHERE "users"."id" = $1 LIMIT $2[0m  [["id", 2], ["LIMIT", 11]]
  [1m[36mUser Load (0.2ms)[0m  [1m[34mSELECT  "users".* FROM "users" WHERE "users"."id" = $1 ORDER BY "users"."id" ASC LIMIT $2[0m  [["id", 2], ["LIMIT", 1]]
  [1m[35m (0.1ms)[0m  [1m[35mBEGIN[0m
  [1m[36mUser Exists (0.3ms)[0m  [1m[34mSELECT  1 AS one FROM "users" WHERE LOWER("users"."email") = LOWER($1) AND ("users"."id" != $2) LIMIT $3[0m  [["email", "chuck@darpanet.com"], ["id", 2], ["LIMIT", 1]]
  [1m[35m (0.2ms)[0m  [1m[31mROLLBACK[0m
  [1m[35m (0.1ms)[0m  [1m[35mBEGIN[0m
  [1m[35mSQL (0.3ms)[0m  [1m[31mDELETE FROM "users" WHERE "users"."id" = $1[0m  [["id", 2]]
  [1m[35m (2.1ms)[0m  [1m[35mCOMMIT[0m
  [1m[36mUser Load (0.3ms)[0m  [1m[34mSELECT  "users".* FROM "users" ORDER BY "users"."id" ASC LIMIT $1[0m  [["LIMIT", 1]]
  [1m[36mUser Load (0.4ms)[0m  [1m[34mSELECT  "users".* FROM "users" ORDER BY "users"."id" ASC LIMIT $1[0m  [["LIMIT", 1]]
  [1m[36mUser Load (0.4ms)[0m  [1m[34mSELECT  "users".* FROM "users" ORDER BY "users"."id" ASC LIMIT $1[0m  [["LIMIT", 1]]
  [1m[35m (0.1ms)[0m  [1m[35mBEGIN[0m
  [1m[36mUser Exists (0.3ms)[0m  [1m[34mSELECT  1 AS one FROM "users" WHERE LOWER("users"."email") = LOWER($1) LIMIT $2[0m  [["email", "chuck@edarpanet.com"], ["LIMIT", 1]]
  [1m[35mSQL (6.3ms)[0m  [1m[32mINSERT INTO "users" ("name", "email", "created_at", "updated_at", "password_digest") VALUES ($1, $2, $3, $4, $5) RETURNING "id"[0m  [["name", "ChuckNawris"], ["email", "chuck@edarpanet.com"], ["created_at", "2018-03-14 03:51:39.706114"], ["updated_at", "2018-03-14 03:51:39.706114"], ["password_digest", "$2a$10$zlNy0GX7.uHtGdeqFytnEumHzLd8vY76LIhXdQ22sCdCYBOrz1Aym"]]
  [1m[35m (6.1ms)[0m  [1m[35mCOMMIT[0m
  [1m[36mUser Load (0.4ms)[0m  [1m[34mSELECT  "users".* FROM "users" ORDER BY "users"."id" ASC LIMIT $1[0m  [["LIMIT", 1]]
  [1m[35m (0.3ms)[0m  [1m[34mSELECT COUNT(*) FROM "users"[0m
Started GET "/" for 127.0.0.1 at 2018-03-14 00:02:42 -0400
  [1m[35m (0.5ms)[0m  [1m[34mSELECT "schema_migrations"."version" FROM "schema_migrations" ORDER BY "schema_migrations"."version" ASC[0m
Processing by WelcomeController#index as HTML
  Rendering welcome/index.html.erb within layouts/application
  Rendered welcome/index.html.erb within layouts/application (1.2ms)
Completed 200 OK in 165ms (Views: 158.0ms | ActiveRecord: 0.0ms)


Started GET "/" for 127.0.0.1 at 2018-03-14 00:02:44 -0400
Processing by WelcomeController#index as HTML
  Rendering welcome/index.html.erb within layouts/application
  Rendered welcome/index.html.erb within layouts/application (0.4ms)
Completed 200 OK in 18ms (Views: 16.2ms | ActiveRecord: 0.0ms)


Started GET "/users/new" for 127.0.0.1 at 2018-03-14 00:02:45 -0400
Processing by UsersController#new as HTML
  Rendering users/new.html.erb within layouts/application
  Rendered shared/_error_messages.html.erb (0.3ms)
  Rendered users/new.html.erb within layouts/application (11.5ms)
Completed 200 OK in 40ms (Views: 28.3ms | ActiveRecord: 3.2ms)


Started POST "/users" for 127.0.0.1 at 2018-03-14 00:02:47 -0400
Processing by UsersController#create as HTML
  Parameters: {"utf8"=>"✓", "authenticity_token"=>"0wW43Jk3L0gSGchweGhlNkKeUzhYf+SwK1QItmefTrWIbagUVstiLY4m7uXtojIPEbaWWrK69dtEtFCm3DwyxA==", "user"=>{"name"=>"", "email"=>"", "password"=>"[FILTERED]", "password_confirmation"=>"[FILTERED]"}, "commit"=>"Create my account"}
  [1m[35m (0.2ms)[0m  [1m[35mBEGIN[0m
  [1m[36mUser Exists (0.6ms)[0m  [1m[34mSELECT  1 AS one FROM "users" WHERE LOWER("users"."email") = LOWER($1) LIMIT $2[0m  [["email", ""], ["LIMIT", 1]]
  [1m[35m (0.2ms)[0m  [1m[31mROLLBACK[0m
  Rendering users/new.html.erb within layouts/application
  Rendered shared/_error_messages.html.erb (1.4ms)
  Rendered users/new.html.erb within layouts/application (5.4ms)
Completed 200 OK in 42ms (Views: 30.7ms | ActiveRecord: 2.0ms)


Started GET "/users" for 127.0.0.1 at 2018-03-14 00:02:52 -0400
  
AbstractController::ActionNotFound (The action 'index' could not be found for UsersController):
  
actionpack (5.1.5) lib/abstract_controller/base.rb:119:in `process'
actionview (5.1.5) lib/action_view/rendering.rb:30:in `process'
actionpack (5.1.5) lib/action_controller/metal.rb:189:in `dispatch'
actionpack (5.1.5) lib/action_controller/metal.rb:253:in `dispatch'
actionpack (5.1.5) lib/action_dispatch/routing/route_set.rb:49:in `dispatch'
actionpack (5.1.5) lib/action_dispatch/routing/route_set.rb:31:in `serve'
actionpack (5.1.5) lib/action_dispatch/journey/router.rb:50:in `block in serve'
actionpack (5.1.5) lib/action_dispatch/journey/router.rb:33:in `each'
actionpack (5.1.5) lib/action_dispatch/journey/router.rb:33:in `serve'
actionpack (5.1.5) lib/action_dispatch/routing/route_set.rb:844:in `call'
rack (2.0.4) lib/rack/etag.rb:25:in `call'
rack (2.0.4) lib/rack/conditional_get.rb:25:in `call'
rack (2.0.4) lib/rack/head.rb:12:in `call'
rack (2.0.4) lib/rack/session/abstract/id.rb:232:in `context'
rack (2.0.4) lib/rack/session/abstract/id.rb:226:in `call'
actionpack (5.1.5) lib/action_dispatch/middleware/cookies.rb:613:in `call'
activerecord (5.1.5) lib/active_record/migration.rb:556:in `call'
actionpack (5.1.5) lib/action_dispatch/middleware/callbacks.rb:26:in `block in call'
activesupport (5.1.5) lib/active_support/callbacks.rb:97:in `run_callbacks'
actionpack (5.1.5) lib/action_dispatch/middleware/callbacks.rb:24:in `call'
actionpack (5.1.5) lib/action_dispatch/middleware/executor.rb:12:in `call'
actionpack (5.1.5) lib/action_dispatch/middleware/debug_exceptions.rb:59:in `call'
web-console (3.5.1) lib/web_console/middleware.rb:135:in `call_app'
web-console (3.5.1) lib/web_console/middleware.rb:28:in `block in call'
web-console (3.5.1) lib/web_console/middleware.rb:18:in `catch'
web-console (3.5.1) lib/web_console/middleware.rb:18:in `call'
actionpack (5.1.5) lib/action_dispatch/middleware/show_exceptions.rb:31:in `call'
railties (5.1.5) lib/rails/rack/logger.rb:36:in `call_app'
railties (5.1.5) lib/rails/rack/logger.rb:24:in `block in call'
activesupport (5.1.5) lib/active_support/tagged_logging.rb:69:in `block in tagged'
activesupport (5.1.5) lib/active_support/tagged_logging.rb:26:in `tagged'
activesupport (5.1.5) lib/active_support/tagged_logging.rb:69:in `tagged'
railties (5.1.5) lib/rails/rack/logger.rb:24:in `call'
sprockets-rails (3.2.1) lib/sprockets/rails/quiet_assets.rb:13:in `call'
actionpack (5.1.5) lib/action_dispatch/middleware/remote_ip.rb:79:in `call'
actionpack (5.1.5) lib/action_dispatch/middleware/request_id.rb:25:in `call'
rack (2.0.4) lib/rack/method_override.rb:22:in `call'
rack (2.0.4) lib/rack/runtime.rb:22:in `call'
activesupport (5.1.5) lib/active_support/cache/strategy/local_cache_middleware.rb:27:in `call'
actionpack (5.1.5) lib/action_dispatch/middleware/executor.rb:12:in `call'
actionpack (5.1.5) lib/action_dispatch/middleware/static.rb:125:in `call'
rack (2.0.4) lib/rack/sendfile.rb:111:in `call'
railties (5.1.5) lib/rails/engine.rb:522:in `call'
puma (3.11.3) lib/puma/configuration.rb:225:in `call'
puma (3.11.3) lib/puma/server.rb:624:in `handle_request'
puma (3.11.3) lib/puma/server.rb:438:in `process_client'
puma (3.11.3) lib/puma/server.rb:302:in `block in run'
puma (3.11.3) lib/puma/thread_pool.rb:120:in `block in spawn_thread'
  [1m[35m (0.4ms)[0m  [1m[34mSELECT "schema_migrations"."version" FROM "schema_migrations" ORDER BY "schema_migrations"."version" ASC[0m
  [1m[35m (0.3ms)[0m  [1m[34mSELECT "ar_internal_metadata"."value" FROM "ar_internal_metadata" WHERE "ar_internal_metadata"."key" = $1[0m  [["key", "environment"]]
  [1m[35m (0.1ms)[0m  [1m[34mSELECT "schema_migrations"."version" FROM "schema_migrations" ORDER BY "schema_migrations"."version" ASC[0m
  [1m[35m (0.1ms)[0m  [1m[34mSELECT "ar_internal_metadata"."value" FROM "ar_internal_metadata" WHERE "ar_internal_metadata"."key" = $1[0m  [["key", "environment"]]
  [1m[35m (0.1ms)[0m  [1m[34mSELECT "schema_migrations"."version" FROM "schema_migrations" ORDER BY "schema_migrations"."version" ASC[0m
  [1m[35m (0.1ms)[0m  [1m[34mSELECT "ar_internal_metadata"."value" FROM "ar_internal_metadata" WHERE "ar_internal_metadata"."key" = $1[0m  [["key", "environment"]]
  [1m[35m (209.2ms)[0m  [1m[35mDROP DATABASE IF EXISTS "onesocial_development"[0m
  [1m[35m (204.7ms)[0m  [1m[35mDROP DATABASE IF EXISTS "onesocial_test"[0m
  [1m[35m (459.5ms)[0m  [1m[35mCREATE DATABASE "onesocial_development" ENCODING = 'unicode'[0m
  [1m[35m (396.1ms)[0m  [1m[35mCREATE DATABASE "onesocial_test" ENCODING = 'unicode'[0m
  [1m[35m (3.5ms)[0m  [1m[35mCREATE TABLE "schema_migrations" ("version" character varying NOT NULL PRIMARY KEY)[0m
  [1m[35m (2.3ms)[0m  [1m[35mCREATE TABLE "ar_internal_metadata" ("key" character varying NOT NULL PRIMARY KEY, "value" character varying, "created_at" timestamp NOT NULL, "updated_at" timestamp NOT NULL)[0m
  [1m[35m (0.2ms)[0m  [1m[34mSELECT pg_try_advisory_lock(7705748170388709525)[0m
  [1m[35m (0.3ms)[0m  [1m[34mSELECT "schema_migrations"."version" FROM "schema_migrations" ORDER BY "schema_migrations"."version" ASC[0m
Migrating to CreateUsers (20180313061648)
  [1m[35m (0.2ms)[0m  [1m[35mBEGIN[0m
  [1m[35m (13.6ms)[0m  [1m[35mCREATE TABLE "users" ("id" bigserial primary key, "name" character varying, "email" character varying, "created_at" timestamp NOT NULL, "updated_at" timestamp NOT NULL)[0m
  [1m[35mSQL (0.6ms)[0m  [1m[32mINSERT INTO "schema_migrations" ("version") VALUES ($1) RETURNING "version"[0m  [["version", "20180313061648"]]
  [1m[35m (0.3ms)[0m  [1m[35mCOMMIT[0m
Migrating to AddIndexToUsersEmail (20180313063416)
  [1m[35m (0.1ms)[0m  [1m[35mBEGIN[0m
  [1m[35m (6.5ms)[0m  [1m[35mCREATE UNIQUE INDEX  "index_users_on_email" ON "users"  ("email")[0m
  [1m[35mSQL (0.5ms)[0m  [1m[32mINSERT INTO "schema_migrations" ("version") VALUES ($1) RETURNING "version"[0m  [["version", "20180313063416"]]
  [1m[35m (6.0ms)[0m  [1m[35mCOMMIT[0m
Migrating to AddPasswordDigestToUsers (20180313063809)
  [1m[35m (0.1ms)[0m  [1m[35mBEGIN[0m
  [1m[35m (0.3ms)[0m  [1m[35mALTER TABLE "users" ADD "password_digest" character varying[0m
  [1m[35mSQL (0.2ms)[0m  [1m[32mINSERT INTO "schema_migrations" ("version") VALUES ($1) RETURNING "version"[0m  [["version", "20180313063809"]]
  [1m[35m (5.9ms)[0m  [1m[35mCOMMIT[0m
  [1m[36mActiveRecord::InternalMetadata Load (0.3ms)[0m  [1m[34mSELECT  "ar_internal_metadata".* FROM "ar_internal_metadata" WHERE "ar_internal_metadata"."key" = $1 LIMIT $2[0m  [["key", "environment"], ["LIMIT", 1]]
  [1m[35m (0.2ms)[0m  [1m[35mBEGIN[0m
  [1m[35mSQL (0.4ms)[0m  [1m[32mINSERT INTO "ar_internal_metadata" ("key", "value", "created_at", "updated_at") VALUES ($1, $2, $3, $4) RETURNING "key"[0m  [["key", "environment"], ["value", "development"], ["created_at", "2018-03-14 04:08:10.712490"], ["updated_at", "2018-03-14 04:08:10.712490"]]
  [1m[35m (5.6ms)[0m  [1m[35mCOMMIT[0m
  [1m[35m (0.2ms)[0m  [1m[34mSELECT pg_advisory_unlock(7705748170388709525)[0m
  [1m[35m (0.2ms)[0m  [1m[34mSELECT "schema_migrations"."version" FROM "schema_migrations" ORDER BY "schema_migrations"."version" ASC[0m
Started GET "/" for 127.0.0.1 at 2018-03-14 00:08:28 -0400
  [1m[35m (0.5ms)[0m  [1m[34mSELECT "schema_migrations"."version" FROM "schema_migrations" ORDER BY "schema_migrations"."version" ASC[0m
Processing by WelcomeController#index as HTML
  Rendering welcome/index.html.erb within layouts/application
  Rendered welcome/index.html.erb within layouts/application (1.2ms)
Completed 200 OK in 151ms (Views: 142.8ms | ActiveRecord: 0.0ms)


Started GET "/users/new" for 127.0.0.1 at 2018-03-14 00:08:30 -0400
Processing by UsersController#new as HTML
  Rendering users/new.html.erb within layouts/application
  Rendered shared/_error_messages.html.erb (0.3ms)
  Rendered users/new.html.erb within layouts/application (11.8ms)
Completed 200 OK in 67ms (Views: 44.8ms | ActiveRecord: 8.4ms)


Started POST "/users" for 127.0.0.1 at 2018-03-14 00:08:51 -0400
Processing by UsersController#create as HTML
  Parameters: {"utf8"=>"✓", "authenticity_token"=>"c6K4gwaPCsbbTNS2xcEjTQN9159lpnEKCsAY8LzLKlYoyqhLyXNHo0dz8iNQC3R0UFUS/Y9jYGFlIEDgB2hWJw==", "user"=>{"name"=>"ChuckNawris", "email"=>"chuck@darpanet.com", "password"=>"[FILTERED]", "password_confirmation"=>"[FILTERED]"}, "commit"=>"Create my account"}
  [1m[35m (0.2ms)[0m  [1m[35mBEGIN[0m
  [1m[36mUser Exists (1.0ms)[0m  [1m[34mSELECT  1 AS one FROM "users" WHERE LOWER("users"."email") = LOWER($1) LIMIT $2[0m  [["email", "chuck@darpanet.com"], ["LIMIT", 1]]
  [1m[35mSQL (0.6ms)[0m  [1m[32mINSERT INTO "users" ("name", "email", "created_at", "updated_at", "password_digest") VALUES ($1, $2, $3, $4, $5) RETURNING "id"[0m  [["name", "ChuckNawris"], ["email", "chuck@darpanet.com"], ["created_at", "2018-03-14 04:08:51.797657"], ["updated_at", "2018-03-14 04:08:51.797657"], ["password_digest", "$2a$10$0JfGa0DhtW5K7L8I4c.S1ucc1CXs/hvDfkiD8mXAoZL0A6LwtdEOK"]]
  [1m[35m (0.3ms)[0m  [1m[35mCOMMIT[0m
Redirected to http://localhost:3000/users/1
Completed 302 Found in 65ms (ActiveRecord: 3.5ms)


Started GET "/users/1" for 127.0.0.1 at 2018-03-14 00:08:51 -0400
Processing by UsersController#show as HTML
  Parameters: {"id"=>"1"}
  [1m[36mUser Load (0.4ms)[0m  [1m[34mSELECT  "users".* FROM "users" LIMIT $1[0m  [["LIMIT", 1]]
  Rendering users/show.html.erb within layouts/application
  Rendered users/show.html.erb within layouts/application (0.5ms)
Completed 200 OK in 31ms (Views: 24.7ms | ActiveRecord: 0.4ms)


Started GET "/users/new" for 127.0.0.1 at 2018-03-14 00:09:29 -0400
Processing by UsersController#new as HTML
  Rendering users/new.html.erb within layouts/application
  Rendered shared/_error_messages.html.erb (0.3ms)
  Rendered users/new.html.erb within layouts/application (3.4ms)
Completed 200 OK in 30ms (Views: 28.1ms | ActiveRecord: 0.0ms)


Started POST "/users" for 127.0.0.1 at 2018-03-14 00:09:36 -0400
Processing by UsersController#create as HTML
  Parameters: {"utf8"=>"✓", "authenticity_token"=>"cePbKgHc0eMPGIvSPaG/GPG52+OUP2JaIwj6bL9mcYjrAcYfF3YZr54sC9aPtWfcLUwi5JrTVUlS1v84KaF+Vg==", "user"=>{"name"=>"chuck nawris", "email"=>"", "password"=>"[FILTERED]", "password_confirmation"=>"[FILTERED]"}, "commit"=>"Create my account"}
  [1m[35m (0.1ms)[0m  [1m[35mBEGIN[0m
  [1m[36mUser Exists (0.3ms)[0m  [1m[34mSELECT  1 AS one FROM "users" WHERE LOWER("users"."email") = LOWER($1) LIMIT $2[0m  [["email", ""], ["LIMIT", 1]]
  [1m[35m (0.1ms)[0m  [1m[31mROLLBACK[0m
  Rendering users/new.html.erb within layouts/application
  Rendered shared/_error_messages.html.erb (1.3ms)
  Rendered users/new.html.erb within layouts/application (5.7ms)
Completed 200 OK in 35ms (Views: 30.3ms | ActiveRecord: 0.5ms)


Started POST "/users" for 127.0.0.1 at 2018-03-14 00:10:06 -0400
Processing by UsersController#create as HTML
  Parameters: {"utf8"=>"✓", "authenticity_token"=>"ZY3FglV/qEIE1nxkhFxG8AWMVq6BkI+uHoxCX8SdiyT/b9i3Q9VgDpXi/GA2SJ402XmvqY98uL1vUkcLUlqE+g==", "user"=>{"name"=>"chuck nawris", "email"=>"chuck@darpanet.com", "password"=>"[FILTERED]", "password_confirmation"=>"[FILTERED]"}, "commit"=>"Create my account"}
  [1m[35m (0.1ms)[0m  [1m[35mBEGIN[0m
  [1m[36mUser Exists (0.6ms)[0m  [1m[34mSELECT  1 AS one FROM "users" WHERE LOWER("users"."email") = LOWER($1) LIMIT $2[0m  [["email", "chuck@darpanet.com"], ["LIMIT", 1]]
  [1m[35m (0.6ms)[0m  [1m[31mROLLBACK[0m
  Rendering users/new.html.erb within layouts/application
  Rendered shared/_error_messages.html.erb (2.1ms)
  Rendered users/new.html.erb within layouts/application (9.4ms)
Completed 200 OK in 105ms (Views: 44.9ms | ActiveRecord: 2.3ms)


Started POST "/users" for 127.0.0.1 at 2018-03-14 00:10:13 -0400
Processing by UsersController#create as HTML
  Parameters: {"utf8"=>"✓", "authenticity_token"=>"rtg0Ill1PH1+UGQV0n5GtXLRzlaug97xeZ/W61EpEMk0OikXT9/0Me9k5BFgap5xriQ3UaBv6eIIQdO/x+4fFw==", "user"=>{"name"=>"chuck nawris", "email"=>"chuck1@darpanet.com", "password"=>"[FILTERED]", "password_confirmation"=>"[FILTERED]"}, "commit"=>"Create my account"}
  [1m[35m (0.1ms)[0m  [1m[35mBEGIN[0m
  [1m[36mUser Exists (0.2ms)[0m  [1m[34mSELECT  1 AS one FROM "users" WHERE LOWER("users"."email") = LOWER($1) LIMIT $2[0m  [["email", "chuck1@darpanet.com"], ["LIMIT", 1]]
  [1m[35m (0.1ms)[0m  [1m[31mROLLBACK[0m
  Rendering users/new.html.erb within layouts/application
  Rendered shared/_error_messages.html.erb (0.6ms)
  Rendered users/new.html.erb within layouts/application (3.5ms)
Completed 200 OK in 29ms (Views: 20.6ms | ActiveRecord: 0.4ms)


Started POST "/users" for 127.0.0.1 at 2018-03-14 00:10:22 -0400
Processing by UsersController#create as HTML
  Parameters: {"utf8"=>"✓", "authenticity_token"=>"RtJLzkMHAoRrPttSWwWhtVDy+sKlfbnY5adOHgGi+xvcMFb7Va3KyPoKW1bpEXlxjAcDxauRjsuUeUtKl2X0xQ==", "user"=>{"name"=>"chuck nawris", "email"=>"chuck1@darpanet.com", "password"=>"[FILTERED]", "password_confirmation"=>"[FILTERED]"}, "commit"=>"Create my account"}
  [1m[35m (0.1ms)[0m  [1m[35mBEGIN[0m
  [1m[36mUser Exists (0.7ms)[0m  [1m[34mSELECT  1 AS one FROM "users" WHERE LOWER("users"."email") = LOWER($1) LIMIT $2[0m  [["email", "chuck1@darpanet.com"], ["LIMIT", 1]]
  [1m[35m (0.3ms)[0m  [1m[31mROLLBACK[0m
  Rendering users/new.html.erb within layouts/application
  Rendered shared/_error_messages.html.erb (0.7ms)
  Rendered users/new.html.erb within layouts/application (5.3ms)
Completed 200 OK in 85ms (Views: 26.6ms | ActiveRecord: 1.1ms)


  [1m[36mUser Load (0.3ms)[0m  [1m[34mSELECT  "users".* FROM "users" ORDER BY "users"."id" ASC LIMIT $1[0m  [["LIMIT", 1]]
